c:\users\dmltj\source\repos\calculation\calculation\debug\calculation.pch
c:\users\dmltj\source\repos\calculation\calculation\debug\vc142.pdb
c:\users\dmltj\source\repos\calculation\calculation\debug\vc142.idb
c:\users\dmltj\source\repos\calculation\calculation\debug\pch.obj
c:\users\dmltj\source\repos\calculation\calculation\debug\calculationdlg.obj
c:\users\dmltj\source\repos\calculation\calculation\debug\calculation.obj
c:\users\dmltj\source\repos\calculation\calculation\debug\controller.obj
c:\users\dmltj\source\repos\calculation\calculation\debug\view.obj
c:\users\dmltj\source\repos\calculation\calculation\debug\model.obj
c:\users\dmltj\source\repos\calculation\debug\calculation.exe
c:\users\dmltj\source\repos\calculation\calculation\debug\calculation.ilk
c:\users\dmltj\source\repos\calculation\debug\calculation.pdb
c:\users\dmltj\source\repos\calculation\calculation\debug\calculation.res
c:\users\dmltj\source\repos\calculation\calculation\debug\calculation.tlog\cl.command.1.tlog
c:\users\dmltj\source\repos\calculation\calculation\debug\calculation.tlog\cl.read.1.tlog
c:\users\dmltj\source\repos\calculation\calculation\debug\calculation.tlog\cl.write.1.tlog
c:\users\dmltj\source\repos\calculation\calculation\debug\calculation.tlog\link.8524-cvtres.read.1.tlog
c:\users\dmltj\source\repos\calculation\calculation\debug\calculation.tlog\link.8524-cvtres.write.1.tlog
c:\users\dmltj\source\repos\calculation\calculation\debug\calculation.tlog\link.8524-mt.read.1.tlog
c:\users\dmltj\source\repos\calculation\calculation\debug\calculation.tlog\link.8524-mt.write.1.tlog
c:\users\dmltj\source\repos\calculation\calculation\debug\calculation.tlog\link.8524-rc.read.1.tlog
c:\users\dmltj\source\repos\calculation\calculation\debug\calculation.tlog\link.8524-rc.write.1.tlog
c:\users\dmltj\source\repos\calculation\calculation\debug\calculation.tlog\link.8524.read.1.tlog
c:\users\dmltj\source\repos\calculation\calculation\debug\calculation.tlog\link.8524.write.1.tlog
c:\users\dmltj\source\repos\calculation\calculation\debug\calculation.tlog\link.command.1.tlog
c:\users\dmltj\source\repos\calculation\calculation\debug\calculation.tlog\link.read.1.tlog
c:\users\dmltj\source\repos\calculation\calculation\debug\calculation.tlog\link.write.1.tlog
c:\users\dmltj\source\repos\calculation\calculation\debug\calculation.tlog\rc.command.1.tlog
c:\users\dmltj\source\repos\calculation\calculation\debug\calculation.tlog\rc.read.1.tlog
c:\users\dmltj\source\repos\calculation\calculation\debug\calculation.tlog\rc.write.1.tlog
